<project xmlns="http://maven.apache.org/POM/4.0.0"
	xmlns:xsi="http://www.w3.org/2001/XMLSchema-instance"
	xsi:schemaLocation="http://maven.apache.org/POM/4.0.0 http://maven.apache.org/maven-v4_0_0.xsd">
	<parent>
		<groupId>org.fornax.cartridges</groupId>
		<artifactId>sculptor-helloworld-parent</artifactId>
		<version>1.5.0</version>
	</parent>
	<modelVersion>4.0.0</modelVersion>
	<groupId>org.fornax.cartridges</groupId>
	<artifactId>sculptor-helloworld</artifactId>
	<name>sculptor-helloworld</name>
	<description></description>
	<packaging>ejb</packaging>
	<build>
		<finalName>${artifactId}</finalName>
		<plugins>
			<plugin>
				<groupId>org.apache.maven.plugins</groupId>
				<artifactId>maven-compiler-plugin</artifactId>
				<configuration>
					<source>1.5</source>
					<target>1.5</target>
				</configuration>
			</plugin>
			<plugin>
				<groupId>org.apache.maven.plugins</groupId>
				<artifactId>maven-ejb-plugin</artifactId>
				<version>2.1</version>
				<configuration>
					<ejbVersion>3.0</ejbVersion>
					<generateClient>true</generateClient>
					<clientIncludes>
			             <clientInclude>**/serviceapi/*</clientInclude>
			             <clientInclude>**/domain/*</clientInclude>
			             <clientInclude>**/exception/*</clientInclude>
			        </clientIncludes>
				</configuration>
				<executions>
					<execution>
						<phase>package</phase>
						<goals>
							<goal>ejb</goal>
						</goals>
					</execution>
				</executions>
			</plugin>
			<plugin>
				<groupId>org.fornax.toolsupport</groupId>
				<artifactId>fornax-oaw-m2-plugin</artifactId>
				<version>${fornax-oaw-m2.version}</version>
				<configuration>
					<workflowEngine>mwe</workflowEngine>
					<workflowDescriptor>workflow.mwe</workflowDescriptor>
					<checkResources>
						<checkResource>
							src/main/resources/model.btdesign</checkResource>
					</checkResources>
					<properties>
						<modelFile>model.btdesign</modelFile>
						<appProject>sculptor-helloworld</appProject>
					</properties>
				</configuration>
				<executions>
					<execution>
						<phase>generate-sources</phase>
						<goals>
							<goal>run-workflow</goal>
						</goals>
					</execution>
				</executions>
			</plugin>
			<plugin>
				<artifactId>maven-eclipse-plugin</artifactId>
				<executions>
					<execution>
						<id>generate-eclipse-files</id>
						<configuration>
							<downloadSources>true</downloadSources>
							<additionalProjectnatures>
								<projectnature>
									org.openarchitectureware.xpand2.core.xpandNature</projectnature>
								<projectnature>
									org.openarchitectureware.base.oawNature</projectnature>
							</additionalProjectnatures>
							<buildcommands>
								<buildcommand>
									org.openarchitectureware.base.oawBuilder</buildcommand>
							</buildcommands>
						</configuration>
						<goals>
							<goal>eclipse</goal>
						</goals>
					</execution>
				</executions>
			</plugin>
		</plugins>
		
	</build>
	
	<dependencies>
		<dependency>
			<groupId>org.hibernate</groupId>
			<artifactId>hibernate</artifactId>
			<version>${hibernate.version}</version>
			<exclusions>
				<exclusion>
					<groupId>javax.transaction</groupId>
					<artifactId>jta</artifactId>
				</exclusion>
			</exclusions>
		</dependency>
		<dependency>
			<groupId>org.springframework</groupId>
			<artifactId>spring-beans</artifactId>
			<version>${spring.version}</version>
		</dependency>
		<dependency>
			<groupId>org.springframework</groupId>
			<artifactId>spring-core</artifactId>
			<version>${spring.version}</version>
		</dependency>
		<dependency>
			<groupId>org.springframework</groupId>
			<artifactId>spring-context</artifactId>
			<version>${spring.version}</version>
		</dependency>
		<dependency>
			<groupId>org.springframework</groupId>
			<artifactId>spring-aop</artifactId>
			<version>${spring.version}</version>
		</dependency>
		<dependency>
			<groupId>org.springframework</groupId>
			<artifactId>spring-hibernate3</artifactId>
			<version>${spring.version}</version>
			<exclusions>
				<exclusion>
					<groupId>javax.transaction</groupId>
					<artifactId>jta</artifactId>
				</exclusion>
			</exclusions>
		</dependency>
		<dependency>
			<groupId>org.springframework</groupId>
			<artifactId>spring-remoting</artifactId>
			<version>${spring.version}</version>
		</dependency>
		<dependency>
			<groupId>org.springframework</groupId>
			<artifactId>spring-jms</artifactId>
			<version>${spring.version}</version>
		</dependency>
		<dependency>
			<groupId>org.springframework</groupId>
			<artifactId>spring-support</artifactId>
			<version>${spring.version}</version>
		</dependency>
		<dependency>
			<groupId>aspectj</groupId>
			<artifactId>aspectjweaver</artifactId>
			<version>1.5.3</version>
		</dependency>
		<dependency>
			<groupId>aopalliance</groupId>
			<artifactId>aopalliance</artifactId>
			<version>1.0</version>
		</dependency>
		<dependency>
			<groupId>javaee</groupId>
			<artifactId>javaee-api</artifactId>
			<version>5</version>
			<scope>provided</scope>
		</dependency>
		<dependency>
			<groupId>commons-lang</groupId>
			<artifactId>commons-lang</artifactId>
			<version>2.1</version>
		</dependency>
		<dependency>
			<groupId>commons-collections</groupId>
			<artifactId>commons-collections</artifactId>
			<version>3.2</version>
		</dependency>
		<dependency>
			<groupId>commons-beanutils</groupId>
			<artifactId>commons-beanutils</artifactId>
			<version>1.7.0</version>
		</dependency>
		<dependency>
			<groupId>commons-logging</groupId>
			<artifactId>commons-logging</artifactId>
			<version>${commons-logging.version}</version>
			<scope>provided</scope>
		</dependency>
		<dependency>
		    <!-- Need to define version 1.3 due to conflicting versions -->
			<groupId>commons-pool</groupId>
			<artifactId>commons-pool</artifactId>
			<version>1.3</version>
		</dependency>
		<dependency>
			<groupId>log4j</groupId>
			<artifactId>log4j</artifactId>
			<version>${log4j.version}</version>
			<scope>provided</scope>
		</dependency>
		<dependency>
			<groupId>xerces</groupId>
			<artifactId>xmlParserAPIs</artifactId>
			<version>2.6.2</version>
		</dependency>
		<dependency>
			<groupId>xerces</groupId>
			<artifactId>xercesImpl</artifactId>
			<version>2.6.2</version>
		</dependency>
		<dependency>
			<groupId>org.codehaus.castor</groupId>
			<artifactId>castor</artifactId>
			<version>1.1.1</version>
			<exclusions>
				<exclusion>
					<groupId>cglib</groupId>
					<artifactId>cglib-full</artifactId>
				</exclusion>
				<exclusion>
					<groupId>xerces</groupId>
					<artifactId>xerces</artifactId>
				</exclusion>
				<exclusion>
					<groupId>javax.transaction</groupId>
					<artifactId>jta</artifactId>
				</exclusion>
			</exclusions>
		</dependency>
		<dependency>
			<groupId>dbunit</groupId>
			<artifactId>dbunit</artifactId>
			<version>2.1</version>
			<scope>test</scope>
		</dependency>
		<dependency>
			<groupId>junit</groupId>
			<artifactId>junit</artifactId>
			<version>3.8.1</version>
			<scope>test</scope>
		</dependency>
		<dependency>
			<groupId>commons-dbcp</groupId>
			<artifactId>commons-dbcp</artifactId>
			<version>1.2.1</version>
		</dependency>
		<dependency>
			<groupId>hsqldb</groupId>
			<artifactId>hsqldb</artifactId>
			<version>1.8.0.1</version>
			<scope>test</scope>
		</dependency>
		<dependency>
			<groupId>mysql</groupId>
			<artifactId>mysql-connector-java</artifactId>
			<version>3.1.14</version>
			<scope>provided</scope>
		</dependency>
		<dependency>
			<groupId>org.fornax.cartridges</groupId>
			<artifactId>fornax-cartridges-sculptor-generator</artifactId>
			<version>${sculptor.version}</version>
			<scope>runtime</scope>
		</dependency>
		<dependency>
			<groupId>org.fornax.cartridges</groupId>
			<artifactId>fornax-cartridges-sculptor-framework</artifactId>
			<version>${sculptor.version}</version>
		</dependency>
	</dependencies>
</project>